  curl_helper.c
  element_helper.cpp
  game_list.cpp
  main.cpp
  Generating code
  Previous IPDB not found, fall back to full compilation.
  All 421 functions were compiled because no usable IPDB/IOBJ from previous compilation was found.
  Finished generating code
  vs_project.vcxproj -> C:\Users\Owner\Downloads\preview-carousel\vs_solution\Release\preview-carousel.exe
  C:\Users\Owner\Downloads\preview-carousel\vs_solution\vs_project\glew32.dll
  C:\Users\Owner\Downloads\preview-carousel\vs_solution\vs_project\libcurl.dll
  C:\Users\Owner\Downloads\preview-carousel\vs_solution\vs_project\libfreetype-6.dll
  C:\Users\Owner\Downloads\preview-carousel\vs_solution\vs_project\libjpeg-9.dll
  C:\Users\Owner\Downloads\preview-carousel\vs_solution\vs_project\libpng16-16.dll
  C:\Users\Owner\Downloads\preview-carousel\vs_solution\vs_project\libtiff-5.dll
  C:\Users\Owner\Downloads\preview-carousel\vs_solution\vs_project\libwebp-7.dll
  C:\Users\Owner\Downloads\preview-carousel\vs_solution\vs_project\SDL2.dll
  C:\Users\Owner\Downloads\preview-carousel\vs_solution\vs_project\SDL2_image.dll
  C:\Users\Owner\Downloads\preview-carousel\vs_solution\vs_project\SDL2_ttf.dll
  C:\Users\Owner\Downloads\preview-carousel\vs_solution\vs_project\zlib1.dll
  11 File(s) copied
  C:\Users\Owner\Downloads\preview-carousel\vs_solution\..\res\background.jpg
  C:\Users\Owner\Downloads\preview-carousel\vs_solution\..\res\font\LICENSE.txt
  C:\Users\Owner\Downloads\preview-carousel\vs_solution\..\res\font\Roboto-Regular.ttf
  3 File(s) copied
